Copyright 1986-2021 Xilinx, Inc. All Rights Reserved.
--------------------------------------------------------------------------------------
| Tool Version : Vivado v.2021.1 (win64) Build 3247384 Thu Jun 10 19:36:33 MDT 2021
| Date         : Tue May 17 21:51:14 2022
| Host         : DESKTOP-QCTR6OS running 64-bit major release  (build 9200)
| Command      : report_control_sets -verbose -file RS232_top_control_sets_placed.rpt
| Design       : RS232_top
| Device       : xc7a100t
--------------------------------------------------------------------------------------

Control Set Information

Table of Contents
-----------------
1. Summary
2. Histogram
3. Flip-Flop Distribution
4. Detailed Control Set Information

1. Summary
----------

+----------------------------------------------------------+-------+
|                          Status                          | Count |
+----------------------------------------------------------+-------+
| Total control sets                                       |     5 |
|    Minimum number of control sets                        |     5 |
|    Addition due to synthesis replication                 |     0 |
|    Addition due to physical synthesis replication        |     0 |
| Unused register locations in slices containing registers |    28 |
+----------------------------------------------------------+-------+
* Control sets can be merged at opt_design using control_set_merge or merge_equivalent_drivers
** Run report_qor_suggestions for automated merging and remapping suggestions


2. Histogram
------------

+--------------------+-------+
|       Fanout       | Count |
+--------------------+-------+
| Total control sets |     5 |
| >= 0 to < 4        |     1 |
| >= 4 to < 6        |     2 |
| >= 6 to < 8        |     0 |
| >= 8 to < 10       |     1 |
| >= 10 to < 12      |     0 |
| >= 12 to < 14      |     0 |
| >= 14 to < 16      |     0 |
| >= 16              |     1 |
+--------------------+-------+
* Control sets can be remapped at either synth_design or opt_design


3. Flip-Flop Distribution
-------------------------

+--------------+-----------------------+------------------------+-----------------+--------------+
| Clock Enable | Synchronous Set/Reset | Asynchronous Set/Reset | Total Registers | Total Slices |
+--------------+-----------------------+------------------------+-----------------+--------------+
| No           | No                    | No                     |               0 |            0 |
| No           | No                    | Yes                    |              42 |           12 |
| No           | Yes                   | No                     |               0 |            0 |
| Yes          | No                    | No                     |               0 |            0 |
| Yes          | No                    | Yes                    |              18 |            7 |
| Yes          | Yes                   | No                     |               0 |            0 |
+--------------+-----------------------+------------------------+-----------------+--------------+


4. Detailed Control Set Information
-----------------------------------

+---------------------+---------------------------------+--------------------+------------------+----------------+--------------+
|     Clock Signal    |          Enable Signal          |  Set/Reset Signal  | Slice Load Count | Bel Load Count | Bels / Slice |
+---------------------+---------------------------------+--------------------+------------------+----------------+--------------+
|  clk_100M_IBUF_BUFG | u_RS232_send/txd_i_1_n_0        | u_RS232_recv/rst_n |                1 |              1 |         1.00 |
|  clk_100M_IBUF_BUFG | u_RS232_recv/rx_cnt[3]_i_1_n_0  | u_RS232_recv/rst_n |                2 |              4 |         2.00 |
|  clk_100M_IBUF_BUFG | u_RS232_send/tx_cnt[3]_i_1_n_0  | u_RS232_recv/rst_n |                2 |              4 |         2.00 |
|  clk_100M_IBUF_BUFG | u_RS232_send/tx_data[7]_i_1_n_0 | u_RS232_recv/rst_n |                2 |              9 |         4.50 |
|  clk_100M_IBUF_BUFG |                                 | u_RS232_recv/rst_n |               12 |             42 |         3.50 |
+---------------------+---------------------------------+--------------------+------------------+----------------+--------------+


