Flow report for three_eight_transfer
Wed May 25 11:12:40 2022
Quartus Prime Version 18.1.0 Build 625 09/12/2018 SJ Standard Edition


---------------------
; Table of Contents ;
---------------------
  1. Legal Notice
  2. Flow Summary
  3. Flow Settings
  4. Flow Non-Default Global Settings
  5. Flow Elapsed Time
  6. Flow OS Summary
  7. Flow Log
  8. Flow Messages
  9. Flow Suppressed Messages



----------------
; Legal Notice ;
----------------
Copyright (C) 2018  Intel Corporation. All rights reserved.
Your use of Intel Corporation's design tools, logic functions 
and other software and tools, and its AMPP partner logic 
functions, and any output files from any of the foregoing 
(including device programming or simulation files), and any 
associated documentation or information are expressly subject 
to the terms and conditions of the Intel Program License 
Subscription Agreement, the Intel Quartus Prime License Agreement,
the Intel FPGA IP License Agreement, or other applicable license
agreement, including, without limitation, that your use is for
the sole purpose of programming logic devices manufactured by
Intel and sold by Intel or its authorized distributors.  Please
refer to the applicable agreement for further details.



+--------------------------------------------------------------------------------------+
; Flow Summary                                                                         ;
+------------------------------------+-------------------------------------------------+
; Flow Status                        ; Successful - Wed May 25 11:12:40 2022           ;
; Quartus Prime Version              ; 18.1.0 Build 625 09/12/2018 SJ Standard Edition ;
; Revision Name                      ; three_eight_transfer                            ;
; Top-level Entity Name              ; three_eight_transfer                            ;
; Family                             ; Cyclone IV E                                    ;
; Device                             ; EP4CE115F29C8                                   ;
; Timing Models                      ; Final                                           ;
; Total logic elements               ; 8 / 114,480 ( < 1 % )                           ;
;     Total combinational functions  ; 8 / 114,480 ( < 1 % )                           ;
;     Dedicated logic registers      ; 0 / 114,480 ( 0 % )                             ;
; Total registers                    ; 0                                               ;
; Total pins                         ; 11 / 529 ( 2 % )                                ;
; Total virtual pins                 ; 0                                               ;
; Total memory bits                  ; 0 / 3,981,312 ( 0 % )                           ;
; Embedded Multiplier 9-bit elements ; 0 / 532 ( 0 % )                                 ;
; Total PLLs                         ; 0 / 4 ( 0 % )                                   ;
+------------------------------------+-------------------------------------------------+


+------------------------------------------+
; Flow Settings                            ;
+-------------------+----------------------+
; Option            ; Setting              ;
+-------------------+----------------------+
; Start date & time ; 05/25/2022 11:12:04  ;
; Main task         ; Compilation          ;
; Revision Name     ; three_eight_transfer ;
+-------------------+----------------------+


+-------------------------------------------------------------------------------------------------------------------------------------------------+
; Flow Non-Default Global Settings                                                                                                                ;
+--------------------------------------+---------------------------------------------+---------------+-------------+------------------------------+
; Assignment Name                      ; Value                                       ; Default Value ; Entity Name ; Section Id                   ;
+--------------------------------------+---------------------------------------------+---------------+-------------+------------------------------+
; COMPILER_SIGNATURE_ID                ; 193675815565476.165344832306012             ; --            ; --          ; --                           ;
; EDA_DESIGN_INSTANCE_NAME             ; NA                                          ; --            ; --          ; three_eight_transfer_vlg_tst ;
; EDA_NATIVELINK_SIMULATION_TEST_BENCH ; three_eight_transfer_vlg_tst                ; --            ; --          ; eda_simulation               ;
; EDA_OUTPUT_DATA_FORMAT               ; Verilog Hdl                                 ; --            ; --          ; eda_simulation               ;
; EDA_SIMULATION_TOOL                  ; ModelSim (Verilog)                          ; <None>        ; --          ; --                           ;
; EDA_TEST_BENCH_ENABLE_STATUS         ; TEST_BENCH_MODE                             ; --            ; --          ; eda_simulation               ;
; EDA_TEST_BENCH_FILE                  ; simulation/modelsim/three_eight_transfer.vt ; --            ; --          ; three_eight_transfer_vlg_tst ;
; EDA_TEST_BENCH_MODULE_NAME           ; three_eight_transfer_vlg_tst                ; --            ; --          ; three_eight_transfer_vlg_tst ;
; EDA_TEST_BENCH_NAME                  ; three_eight_transfer_vlg_tst                ; --            ; --          ; eda_simulation               ;
; EDA_TEST_BENCH_RUN_SIM_FOR           ; 2 ms                                        ; --            ; --          ; three_eight_transfer_vlg_tst ;
; EDA_TIME_SCALE                       ; 1 ps                                        ; --            ; --          ; eda_simulation               ;
; MAX_CORE_JUNCTION_TEMP               ; 85                                          ; --            ; --          ; --                           ;
; MIN_CORE_JUNCTION_TEMP               ; 0                                           ; --            ; --          ; --                           ;
; NOMINAL_CORE_SUPPLY_VOLTAGE          ; 1.2V                                        ; --            ; --          ; --                           ;
; PARTITION_COLOR                      ; -- (Not supported for targeted family)      ; --            ; --          ; Top                          ;
; PARTITION_FITTER_PRESERVATION_LEVEL  ; -- (Not supported for targeted family)      ; --            ; --          ; Top                          ;
; PARTITION_NETLIST_TYPE               ; -- (Not supported for targeted family)      ; --            ; --          ; Top                          ;
; POWER_BOARD_THERMAL_MODEL            ; None (CONSERVATIVE)                         ; --            ; --          ; --                           ;
; POWER_PRESET_COOLING_SOLUTION        ; 23 MM HEAT SINK WITH 200 LFPM AIRFLOW       ; --            ; --          ; --                           ;
; PROJECT_OUTPUT_DIRECTORY             ; output_files                                ; --            ; --          ; --                           ;
+--------------------------------------+---------------------------------------------+---------------+-------------+------------------------------+


+--------------------------------------------------------------------------------------------------------------------------+
; Flow Elapsed Time                                                                                                        ;
+----------------------+--------------+-------------------------+---------------------+------------------------------------+
; Module Name          ; Elapsed Time ; Average Processors Used ; Peak Virtual Memory ; Total CPU Time (on all processors) ;
+----------------------+--------------+-------------------------+---------------------+------------------------------------+
; Analysis & Synthesis ; 00:00:11     ; 1.0                     ; 4756 MB             ; 00:00:19                           ;
; Fitter               ; 00:00:13     ; 1.0                     ; 5838 MB             ; 00:00:13                           ;
; Assembler            ; 00:00:04     ; 1.0                     ; 4676 MB             ; 00:00:03                           ;
; Timing Analyzer      ; 00:00:03     ; 1.0                     ; 4862 MB             ; 00:00:02                           ;
; EDA Netlist Writer   ; 00:00:01     ; 1.0                     ; 4643 MB             ; 00:00:01                           ;
; Total                ; 00:00:32     ; --                      ; --                  ; 00:00:38                           ;
+----------------------+--------------+-------------------------+---------------------+------------------------------------+


+------------------------------------------------------------------------------------+
; Flow OS Summary                                                                    ;
+----------------------+------------------+------------+------------+----------------+
; Module Name          ; Machine Hostname ; OS Name    ; OS Version ; Processor type ;
+----------------------+------------------+------------+------------+----------------+
; Analysis & Synthesis ; DESKTOP-QCTR6OS  ; Windows 10 ; 10.0       ; x86_64         ;
; Fitter               ; DESKTOP-QCTR6OS  ; Windows 10 ; 10.0       ; x86_64         ;
; Assembler            ; DESKTOP-QCTR6OS  ; Windows 10 ; 10.0       ; x86_64         ;
; Timing Analyzer      ; DESKTOP-QCTR6OS  ; Windows 10 ; 10.0       ; x86_64         ;
; EDA Netlist Writer   ; DESKTOP-QCTR6OS  ; Windows 10 ; 10.0       ; x86_64         ;
+----------------------+------------------+------------+------------+----------------+


------------
; Flow Log ;
------------
quartus_map --read_settings_files=on --write_settings_files=off three_eight_transfer -c three_eight_transfer
quartus_fit --read_settings_files=off --write_settings_files=off three_eight_transfer -c three_eight_transfer
quartus_asm --read_settings_files=off --write_settings_files=off three_eight_transfer -c three_eight_transfer
quartus_sta three_eight_transfer -c three_eight_transfer
quartus_eda --read_settings_files=off --write_settings_files=off three_eight_transfer -c three_eight_transfer



